Arguments: 
  E:\Program Files\nodejs\node.exe C:\Users\Kristian_2\AppData\Roaming\npm\node_modules\yarn\bin\yarn.js test

PATH: 
  C:\Users\Kristian_2\Desktop\cmder\bin;C:\Users\Kristian_2\Desktop\cmder\vendor\conemu-maximus5\ConEmu\Scripts;C:\Users\Kristian_2\Desktop\cmder\vendor\conemu-maximus5;C:\Users\Kristian_2\Desktop\cmder\vendor\conemu-maximus5\ConEmu;C:\Windows\system32;C:\Windows;C:\Windows\System32\Wbem;C:\Windows\System32\WindowsPowerShell\v1.0\;C:\Program Files (x86)\GtkSharp\2.12\bin;C:\Program Files (x86)\Skype\Phone\;C:\WINDOWS\system32;C:\WINDOWS;C:\WINDOWS\System32\Wbem;C:\WINDOWS\System32\WindowsPowerShell\v1.0\;C:\Users\Kristian_2\.dnx\bin;C:\Program Files\Microsoft DNX\Dnvm\;C:\Program Files\Microsoft SQL Server\120\Tools\Binn\;C:\Program Files\Microsoft SQL Server\130\Tools\Binn\;C:\Program Files (x86)\Windows Kits\10\Windows Performance Toolkit\;C:\Program Files\dotnet\;C:\Program Files\Git\cmd;C:\xampp\php;C:\ProgramData\ComposerSetup\bin;C:\Program Files\PuTTY\;C:\WINDOWS\System32\OpenSSH\;C:\Program Files\NVIDIA Corporation\NVIDIA NvDLISR;C:\Program Files (x86)\NVIDIA Corporation\PhysX\Common;E:\Program Files\nodejs\;C:\RailsInstaller\Git\cmd;C:\RailsInstaller\Ruby2.3.3\bin;E:\Users\Kristian_2\Anaconda3;E:\Users\Kristian_2\Anaconda3\Library\mingw-w64\bin;E:\Users\Kristian_2\Anaconda3\Library\usr\bin;E:\Users\Kristian_2\Anaconda3\Library\bin;E:\Users\Kristian_2\Anaconda3\Scripts;C:\Users\Kristian_2\AppData\Local\Microsoft\WindowsApps;E:\Program Files (x86)\Microsoft VS Code\bin;C:\Users\Kristian_2\AppData\Local\GitHubDesktop\bin;C:\Users\Kristian_2\AppData\Local\Microsoft\WindowsApps;C:\Users\Kristian_2\AppData\Local\atom\bin;C:\Program Files\Heroku\bin;C:\Users\Kristian_2\AppData\Roaming\Composer\vendor\bin;C:\Users\Kristian_2\AppData\Roaming\npm;C:\Users\Kristian_2\AppData\Local\hyper\app-2.1.1\resources\bin;C:\Program Files\Git\mingw64;C:\Program Files\Git\usr\bin;C:\Users\Kristian_2\Desktop\cmder

Yarn version: 
  1.5.1

Node version: 
  10.15.0

Platform: 
  win32 x64

npm manifest: 
  {
    "name": "server",
    "version": "1.0.0",
    "description": "",
    "main": "index.js",
    "scripts": {
      "start": "nodemon server.js --exec \"npm run lint && node\"",
      "lint": "eslint ./ --fix",
      "test": "mocha tests/*.test.js --timeout 10000",
      "test-watch": "nodemon --exec \"npm run test\""
    },
    "author": "",
    "license": "ISC",
    "dependencies": {
      "bcryptjs": "^2.4.3",
      "body-parser": "^1.18.3",
      "expect": "^23.6.0",
      "express": "^4.16.4",
      "jsonwebtoken": "^8.4.0",
      "lodash": "^4.17.11",
      "mongodb": "^3.1.10",
      "mongoose": "^5.4.2",
      "supertest": "^3.3.0"
    },
    "devDependencies": {
      "eslint": "^5.12.0",
      "eslint-config-airbnb": "^17.1.0",
      "eslint-config-airbnb-base": "^13.1.0",
      "eslint-plugin-import": "^2.14.0",
      "eslint-plugin-jsx-a11y": "^6.1.2",
      "eslint-plugin-react": "^7.12.3"
    }
  }

yarn manifest: 
  No manifest

Lockfile: 
  No lockfile

Trace: 
  Error: Command failed.
  Exit code: 1
  Command: C:\WINDOWS\system32\cmd.exe
  Arguments: /d /s /c mocha tests/*.test.js --timeout 10000
  Directory: E:\Projects\TaskList\server
  Output:
  
      at ProcessTermError.MessageError (C:\Users\Kristian_2\AppData\Roaming\npm\node_modules\yarn\lib\cli.js:186:110)
      at new ProcessTermError (C:\Users\Kristian_2\AppData\Roaming\npm\node_modules\yarn\lib\cli.js:226:113)
      at ChildProcess.<anonymous> (C:\Users\Kristian_2\AppData\Roaming\npm\node_modules\yarn\lib\cli.js:30281:17)
      at ChildProcess.emit (events.js:182:13)
      at maybeClose (internal/child_process.js:962:16)
      at Process.ChildProcess._handle.onexit (internal/child_process.js:251:5)
